<?xml version="1.0" encoding="UTF-8"?>
<!-- Generated by org.testng.reporters.JUnitReportReporter -->
<testsuite skipped="0" hostname="DESKTOP-RVTDD18" name="com.actitime.testscript.CustomerModule" tests="1" failures="0" timestamp="14 Sep 2021 23:16:17 GMT" time="0.014" errors="0">
  <testcase name="testCreateCustomer" time="0.014" classname="com.actitime.testscript.CustomerModule"/>
</testsuite> <!-- com.actitime.testscript.CustomerModule -->
